Building DAG of jobs...
Creating conda environment env/env.yaml...
Downloading and installing remote packages.
Environment for /home/metyag/Desktop/deneme/pythonProject2/env/env.yaml created (location: .snakemake/conda/33360a0961c64f9a6d3cd5497258eb21_)
Retrieving input from storage.
Using shell: /usr/bin/bash
Provided cores: 1 (use --cores to define parallelism)
Rules claiming more threads will be scaled down.
Job stats:
job               count
--------------  -------
all                   1
tRNAscan              1
tRNAscan_stats        1
total                 3

Select jobs to execute...
Execute 1 jobs...

[Tue Dec 26 15:16:08 2023]
localrule tRNAscan_stats:
    input: resource/Genome/G_intestinalis.fasta
    output: output/G_intestinalis.tRNA, output/G_intestinalis.stats
    jobid: 2
    reason: Missing output files: output/G_intestinalis.tRNA
    resources: tmpdir=/tmp

Activating conda environment: .snakemake/conda/33360a0961c64f9a6d3cd5497258eb21_
[Tue Dec 26 15:16:29 2023]
Finished job 2.
1 of 3 steps (33%) done
Select jobs to execute...
Execute 1 jobs...

[Tue Dec 26 15:16:29 2023]
localrule tRNAscan:
    input: resource/Genome/G_intestinalis.fasta
    output: output/tRNA_scan_result.txt
    jobid: 1
    reason: Missing output files: output/tRNA_scan_result.txt
    resources: tmpdir=/tmp

tRNAscan-SE resource/Genome/G_intestinalis.fasta -o output/tRNA_scan_result.txt
[Tue Dec 26 15:16:29 2023]
Error in rule tRNAscan:
    jobid: 1
    input: resource/Genome/G_intestinalis.fasta
    output: output/tRNA_scan_result.txt
    shell:
        tRNAscan-SE resource/Genome/G_intestinalis.fasta -o output/tRNA_scan_result.txt
        (one of the commands exited with non-zero exit code; note that snakemake uses bash strict mode!)

Shutting down, this might take some time.
Exiting because a job execution failed. Look above for error message
Complete log: .snakemake/log/2023-12-26T151604.559737.snakemake.log
WorkflowError:
At least one job did not complete successfully.
